<?xml version="1.0" encoding="UTF-8"?>
<testsuite xmlns:xsi="http://www.w3.org/2001/XMLSchema-instance" xsi:noNamespaceSchemaLocation="https://maven.apache.org/surefire/maven-surefire-plugin/xsd/surefire-test-report.xsd" version="3.0.2" name="runners.TestRunner" time="56.496" tests="3" errors="0" skipped="0" failures="2">
  <properties>
    <property name="java.specification.version" value="17"/>
    <property name="webdriver.chrome.driver" value="/home/ala/.cache/selenium/chromedriver/linux64/119.0.6045.105/chromedriver"/>
    <property name="sun.jnu.encoding" value="UTF-8"/>
    <property name="java.class.path" value="/home/ala/eclipse-workspace/ADExoticsCarRentalTesting-Cucumber-Selenium/target/test-classes:/home/ala/eclipse-workspace/ADExoticsCarRentalTesting-Cucumber-Selenium/target/classes:/home/ala/.m2/repository/io/cucumber/cucumber-java/7.18.0/cucumber-java-7.18.0.jar:/home/ala/.m2/repository/io/cucumber/cucumber-core/7.18.0/cucumber-core-7.18.0.jar:/home/ala/.m2/repository/io/cucumber/cucumber-gherkin/7.18.0/cucumber-gherkin-7.18.0.jar:/home/ala/.m2/repository/io/cucumber/cucumber-gherkin-messages/7.18.0/cucumber-gherkin-messages-7.18.0.jar:/home/ala/.m2/repository/io/cucumber/gherkin/28.0.0/gherkin-28.0.0.jar:/home/ala/.m2/repository/io/cucumber/messages/24.1.0/messages-24.1.0.jar:/home/ala/.m2/repository/io/cucumber/testng-xml-formatter/0.1.0/testng-xml-formatter-0.1.0.jar:/home/ala/.m2/repository/io/cucumber/query/12.2.0/query-12.2.0.jar:/home/ala/.m2/repository/io/cucumber/tag-expressions/6.1.0/tag-expressions-6.1.0.jar:/home/ala/.m2/repository/io/cucumber/cucumber-expressions/17.1.0/cucumber-expressions-17.1.0.jar:/home/ala/.m2/repository/io/cucumber/datatable/7.18.0/datatable-7.18.0.jar:/home/ala/.m2/repository/io/cucumber/cucumber-plugin/7.18.0/cucumber-plugin-7.18.0.jar:/home/ala/.m2/repository/io/cucumber/docstring/7.18.0/docstring-7.18.0.jar:/home/ala/.m2/repository/io/cucumber/html-formatter/21.3.1/html-formatter-21.3.1.jar:/home/ala/.m2/repository/io/cucumber/junit-xml-formatter/0.4.0/junit-xml-formatter-0.4.0.jar:/home/ala/.m2/repository/io/cucumber/ci-environment/10.0.1/ci-environment-10.0.1.jar:/home/ala/.m2/repository/org/apiguardian/apiguardian-api/1.1.2/apiguardian-api-1.1.2.jar:/home/ala/.m2/repository/io/cucumber/cucumber-testng/7.18.0/cucumber-testng-7.18.0.jar:/home/ala/.m2/repository/org/testng/testng/7.10.2/testng-7.10.2.jar:/home/ala/.m2/repository/org/slf4j/slf4j-api/1.7.36/slf4j-api-1.7.36.jar:/home/ala/.m2/repository/com/beust/jcommander/1.82/jcommander-1.82.jar:/home/ala/.m2/repository/org/webjars/jquery/3.7.1/jquery-3.7.1.jar:/home/ala/.m2/repository/org/seleniumhq/selenium/selenium-java/4.22.0/selenium-java-4.22.0.jar:/home/ala/.m2/repository/org/seleniumhq/selenium/selenium-api/4.22.0/selenium-api-4.22.0.jar:/home/ala/.m2/repository/org/seleniumhq/selenium/selenium-chrome-driver/4.22.0/selenium-chrome-driver-4.22.0.jar:/home/ala/.m2/repository/com/google/auto/service/auto-service-annotations/1.1.1/auto-service-annotations-1.1.1.jar:/home/ala/.m2/repository/org/seleniumhq/selenium/selenium-chromium-driver/4.22.0/selenium-chromium-driver-4.22.0.jar:/home/ala/.m2/repository/org/seleniumhq/selenium/selenium-json/4.22.0/selenium-json-4.22.0.jar:/home/ala/.m2/repository/org/seleniumhq/selenium/selenium-manager/4.22.0/selenium-manager-4.22.0.jar:/home/ala/.m2/repository/org/seleniumhq/selenium/selenium-devtools-v124/4.22.0/selenium-devtools-v124-4.22.0.jar:/home/ala/.m2/repository/org/seleniumhq/selenium/selenium-devtools-v125/4.22.0/selenium-devtools-v125-4.22.0.jar:/home/ala/.m2/repository/org/seleniumhq/selenium/selenium-devtools-v126/4.22.0/selenium-devtools-v126-4.22.0.jar:/home/ala/.m2/repository/org/seleniumhq/selenium/selenium-devtools-v85/4.22.0/selenium-devtools-v85-4.22.0.jar:/home/ala/.m2/repository/org/seleniumhq/selenium/selenium-edge-driver/4.22.0/selenium-edge-driver-4.22.0.jar:/home/ala/.m2/repository/org/seleniumhq/selenium/selenium-firefox-driver/4.22.0/selenium-firefox-driver-4.22.0.jar:/home/ala/.m2/repository/org/seleniumhq/selenium/selenium-http/4.22.0/selenium-http-4.22.0.jar:/home/ala/.m2/repository/dev/failsafe/failsafe/3.3.2/failsafe-3.3.2.jar:/home/ala/.m2/repository/org/seleniumhq/selenium/selenium-ie-driver/4.22.0/selenium-ie-driver-4.22.0.jar:/home/ala/.m2/repository/org/seleniumhq/selenium/selenium-remote-driver/4.22.0/selenium-remote-driver-4.22.0.jar:/home/ala/.m2/repository/com/google/guava/guava/33.2.1-jre/guava-33.2.1-jre.jar:/home/ala/.m2/repository/com/google/guava/failureaccess/1.0.2/failureaccess-1.0.2.jar:/home/ala/.m2/repository/com/google/guava/listenablefuture/9999.0-empty-to-avoid-conflict-with-guava/listenablefuture-9999.0-empty-to-avoid-conflict-with-guava.jar:/home/ala/.m2/repository/com/google/code/findbugs/jsr305/3.0.2/jsr305-3.0.2.jar:/home/ala/.m2/repository/org/checkerframework/checker-qual/3.42.0/checker-qual-3.42.0.jar:/home/ala/.m2/repository/com/google/errorprone/error_prone_annotations/2.26.1/error_prone_annotations-2.26.1.jar:/home/ala/.m2/repository/com/google/j2objc/j2objc-annotations/3.0.0/j2objc-annotations-3.0.0.jar:/home/ala/.m2/repository/io/opentelemetry/semconv/opentelemetry-semconv/1.25.0-alpha/opentelemetry-semconv-1.25.0-alpha.jar:/home/ala/.m2/repository/io/opentelemetry/opentelemetry-api/1.39.0/opentelemetry-api-1.39.0.jar:/home/ala/.m2/repository/io/opentelemetry/opentelemetry-context/1.39.0/opentelemetry-context-1.39.0.jar:/home/ala/.m2/repository/io/opentelemetry/opentelemetry-exporter-logging/1.39.0/opentelemetry-exporter-logging-1.39.0.jar:/home/ala/.m2/repository/io/opentelemetry/opentelemetry-sdk-common/1.39.0/opentelemetry-sdk-common-1.39.0.jar:/home/ala/.m2/repository/io/opentelemetry/opentelemetry-sdk-extension-autoconfigure-spi/1.39.0/opentelemetry-sdk-extension-autoconfigure-spi-1.39.0.jar:/home/ala/.m2/repository/io/opentelemetry/opentelemetry-sdk-extension-autoconfigure/1.39.0/opentelemetry-sdk-extension-autoconfigure-1.39.0.jar:/home/ala/.m2/repository/io/opentelemetry/opentelemetry-api-incubator/1.39.0-alpha/opentelemetry-api-incubator-1.39.0-alpha.jar:/home/ala/.m2/repository/io/opentelemetry/opentelemetry-sdk-trace/1.39.0/opentelemetry-sdk-trace-1.39.0.jar:/home/ala/.m2/repository/io/opentelemetry/opentelemetry-sdk/1.39.0/opentelemetry-sdk-1.39.0.jar:/home/ala/.m2/repository/io/opentelemetry/opentelemetry-sdk-metrics/1.39.0/opentelemetry-sdk-metrics-1.39.0.jar:/home/ala/.m2/repository/io/opentelemetry/opentelemetry-sdk-logs/1.39.0/opentelemetry-sdk-logs-1.39.0.jar:/home/ala/.m2/repository/net/bytebuddy/byte-buddy/1.14.17/byte-buddy-1.14.17.jar:/home/ala/.m2/repository/org/seleniumhq/selenium/selenium-os/4.22.0/selenium-os-4.22.0.jar:/home/ala/.m2/repository/org/apache/commons/commons-exec/1.4.0/commons-exec-1.4.0.jar:/home/ala/.m2/repository/org/seleniumhq/selenium/selenium-safari-driver/4.22.0/selenium-safari-driver-4.22.0.jar:/home/ala/.m2/repository/org/seleniumhq/selenium/selenium-support/4.22.0/selenium-support-4.22.0.jar:/home/ala/.m2/repository/io/github/bonigarcia/webdrivermanager/5.7.0/webdrivermanager-5.7.0.jar:/home/ala/.m2/repository/com/google/code/gson/gson/2.10.1/gson-2.10.1.jar:/home/ala/.m2/repository/com/github/docker-java/docker-java/3.3.5/docker-java-3.3.5.jar:/home/ala/.m2/repository/com/github/docker-java/docker-java-core/3.3.5/docker-java-core-3.3.5.jar:/home/ala/.m2/repository/com/github/docker-java/docker-java-api/3.3.5/docker-java-api-3.3.5.jar:/home/ala/.m2/repository/com/fasterxml/jackson/core/jackson-annotations/2.10.3/jackson-annotations-2.10.3.jar:/home/ala/.m2/repository/com/fasterxml/jackson/core/jackson-databind/2.10.3/jackson-databind-2.10.3.jar:/home/ala/.m2/repository/com/fasterxml/jackson/core/jackson-core/2.10.3/jackson-core-2.10.3.jar:/home/ala/.m2/repository/org/bouncycastle/bcpkix-jdk18on/1.76/bcpkix-jdk18on-1.76.jar:/home/ala/.m2/repository/org/bouncycastle/bcprov-jdk18on/1.76/bcprov-jdk18on-1.76.jar:/home/ala/.m2/repository/org/bouncycastle/bcutil-jdk18on/1.76/bcutil-jdk18on-1.76.jar:/home/ala/.m2/repository/org/slf4j/jcl-over-slf4j/1.7.30/jcl-over-slf4j-1.7.30.jar:/home/ala/.m2/repository/com/github/docker-java/docker-java-transport-httpclient5/3.3.5/docker-java-transport-httpclient5-3.3.5.jar:/home/ala/.m2/repository/com/github/docker-java/docker-java-transport/3.3.5/docker-java-transport-3.3.5.jar:/home/ala/.m2/repository/net/java/dev/jna/jna/5.13.0/jna-5.13.0.jar:/home/ala/.m2/repository/org/brotli/dec/0.1.2/dec-0.1.2.jar:/home/ala/.m2/repository/org/apache/commons/commons-lang3/3.14.0/commons-lang3-3.14.0.jar:/home/ala/.m2/repository/org/apache/commons/commons-compress/1.26.0/commons-compress-1.26.0.jar:/home/ala/.m2/repository/commons-io/commons-io/2.15.1/commons-io-2.15.1.jar:/home/ala/.m2/repository/org/apache/httpcomponents/client5/httpclient5/5.2.1/httpclient5-5.2.1.jar:/home/ala/.m2/repository/org/apache/httpcomponents/core5/httpcore5/5.2/httpcore5-5.2.jar:/home/ala/.m2/repository/org/apache/httpcomponents/core5/httpcore5-h2/5.2/httpcore5-h2-5.2.jar:/home/ala/.m2/repository/org/apache/logging/log4j/log4j-slf4j-impl/2.17.2/log4j-slf4j-impl-2.17.2.jar:/home/ala/.m2/repository/org/apache/logging/log4j/log4j-api/2.17.2/log4j-api-2.17.2.jar:/home/ala/.m2/repository/org/apache/logging/log4j/log4j-core/2.17.2/log4j-core-2.17.2.jar:/home/ala/.m2/repository/io/cucumber/cucumber-picocontainer/7.12.1/cucumber-picocontainer-7.12.1.jar:/home/ala/.m2/repository/org/picocontainer/picocontainer/2.15/picocontainer-2.15.jar:/home/ala/.m2/repository/io/cucumber/cucumber-junit/7.12.1/cucumber-junit-7.12.1.jar:/home/ala/.m2/repository/junit/junit/4.13.2/junit-4.13.2.jar:/home/ala/.m2/repository/org/hamcrest/hamcrest-core/1.3/hamcrest-core-1.3.jar:/home/ala/.m2/repository/tech/grasshopper/extentreports-cucumber7-adapter/1.14.0/extentreports-cucumber7-adapter-1.14.0.jar:/home/ala/.m2/repository/com/aventstack/extentreports/5.1.0/extentreports-5.1.0.jar:/home/ala/.m2/repository/io/reactivex/rxjava3/rxjava/3.1.6/rxjava-3.1.6.jar:/home/ala/.m2/repository/org/reactivestreams/reactive-streams/1.0.4/reactive-streams-1.0.4.jar:/home/ala/.m2/repository/org/freemarker/freemarker/2.3.32/freemarker-2.3.32.jar:/home/ala/.m2/repository/org/projectlombok/lombok/1.18.26/lombok-1.18.26.jar:/home/ala/.m2/repository/tech/grasshopper/extent-pdf-report/2.12.0/extent-pdf-report-2.12.0.jar:/home/ala/.m2/repository/tech/grasshopper/cucumber-pdf-report/2.14.0/cucumber-pdf-report-2.14.0.jar:/home/ala/.m2/repository/org/apache/pdfbox/pdfbox/2.0.26/pdfbox-2.0.26.jar:/home/ala/.m2/repository/org/apache/pdfbox/fontbox/2.0.26/fontbox-2.0.26.jar:/home/ala/.m2/repository/org/knowm/xchart/xchart/3.8.0/xchart-3.8.0.jar:/home/ala/.m2/repository/de/erichseifert/vectorgraphics2d/VectorGraphics2D/0.13/VectorGraphics2D-0.13.jar:/home/ala/.m2/repository/de/rototor/pdfbox/graphics2d/0.30/graphics2d-0.30.jar:/home/ala/.m2/repository/com/madgag/animated-gif-lib/1.4/animated-gif-lib-1.4.jar:/home/ala/.m2/repository/org/yaml/snakeyaml/2.0/snakeyaml-2.0.jar:/home/ala/.m2/repository/tech/grasshopper/table-layout/1.5.1/table-layout-1.5.1.jar:/home/ala/.m2/repository/tech/grasshopper/rest-assured-cucumber-pdf-report/1.5.0/rest-assured-cucumber-pdf-report-1.5.0.jar:/home/ala/.m2/repository/org/jsoup/jsoup/1.15.3/jsoup-1.15.3.jar:/home/ala/.m2/repository/com/aventstack/klov-reporter/5.1.0/klov-reporter-5.1.0.jar:/home/ala/.m2/repository/org/mongodb/mongodb-driver/3.6.4/mongodb-driver-3.6.4.jar:/home/ala/.m2/repository/org/mongodb/mongodb-driver-core/3.6.4/mongodb-driver-core-3.6.4.jar:/home/ala/.m2/repository/org/mongodb/bson/3.6.4/bson-3.6.4.jar:/home/ala/.m2/repository/org/apache/httpcomponents/httpclient/4.5.13/httpclient-4.5.13.jar:/home/ala/.m2/repository/org/apache/httpcomponents/httpcore/4.4.13/httpcore-4.4.13.jar:/home/ala/.m2/repository/commons-logging/commons-logging/1.2/commons-logging-1.2.jar:/home/ala/.m2/repository/commons-codec/commons-codec/1.11/commons-codec-1.11.jar:/home/ala/.m2/repository/org/apache/httpcomponents/httpmime/4.5.13/httpmime-4.5.13.jar:/home/ala/.m2/repository/tech/grasshopper/htmlextentreporter/1.1.0/htmlextentreporter-1.1.0.jar:/home/ala/.m2/repository/tech/grasshopper/extent-excel-report/1.4.0/extent-excel-report-1.4.0.jar:/home/ala/.m2/repository/org/apache/poi/poi/5.2.3/poi-5.2.3.jar:/home/ala/.m2/repository/org/apache/commons/commons-collections4/4.4/commons-collections4-4.4.jar:/home/ala/.m2/repository/org/apache/commons/commons-math3/3.6.1/commons-math3-3.6.1.jar:/home/ala/.m2/repository/com/zaxxer/SparseBitSet/1.2/SparseBitSet-1.2.jar:/home/ala/.m2/repository/org/apache/poi/poi-ooxml/5.2.3/poi-ooxml-5.2.3.jar:/home/ala/.m2/repository/org/apache/poi/poi-ooxml-lite/5.2.3/poi-ooxml-lite-5.2.3.jar:/home/ala/.m2/repository/org/apache/xmlbeans/xmlbeans/5.1.1/xmlbeans-5.1.1.jar:/home/ala/.m2/repository/com/github/virtuald/curvesapi/1.07/curvesapi-1.07.jar:"/>
    <property name="java.vm.vendor" value="Oracle Corporation"/>
    <property name="sun.arch.data.model" value="64"/>
    <property name="java.vendor.url" value="https://java.oracle.com/"/>
    <property name="user.timezone" value="Africa/Tunis"/>
    <property name="os.name" value="Linux"/>
    <property name="java.vm.specification.version" value="17"/>
    <property name="sun.java.launcher" value="SUN_STANDARD"/>
    <property name="user.country" value="FR"/>
    <property name="sun.boot.library.path" value="/usr/lib/jvm/jdk-17-oracle-x64/lib"/>
    <property name="sun.java.command" value="/home/ala/eclipse-workspace/ADExoticsCarRentalTesting-Cucumber-Selenium/target/surefire/surefirebooter-20240902225620522_3.jar /home/ala/eclipse-workspace/ADExoticsCarRentalTesting-Cucumber-Selenium/target/surefire 2024-09-02T22-56-20_276-jvmRun1 surefire-20240902225620522_1tmp surefire_0-20240902225620522_2tmp"/>
    <property name="jdk.debug" value="release"/>
    <property name="surefire.test.class.path" value="/home/ala/eclipse-workspace/ADExoticsCarRentalTesting-Cucumber-Selenium/target/test-classes:/home/ala/eclipse-workspace/ADExoticsCarRentalTesting-Cucumber-Selenium/target/classes:/home/ala/.m2/repository/io/cucumber/cucumber-java/7.18.0/cucumber-java-7.18.0.jar:/home/ala/.m2/repository/io/cucumber/cucumber-core/7.18.0/cucumber-core-7.18.0.jar:/home/ala/.m2/repository/io/cucumber/cucumber-gherkin/7.18.0/cucumber-gherkin-7.18.0.jar:/home/ala/.m2/repository/io/cucumber/cucumber-gherkin-messages/7.18.0/cucumber-gherkin-messages-7.18.0.jar:/home/ala/.m2/repository/io/cucumber/gherkin/28.0.0/gherkin-28.0.0.jar:/home/ala/.m2/repository/io/cucumber/messages/24.1.0/messages-24.1.0.jar:/home/ala/.m2/repository/io/cucumber/testng-xml-formatter/0.1.0/testng-xml-formatter-0.1.0.jar:/home/ala/.m2/repository/io/cucumber/query/12.2.0/query-12.2.0.jar:/home/ala/.m2/repository/io/cucumber/tag-expressions/6.1.0/tag-expressions-6.1.0.jar:/home/ala/.m2/repository/io/cucumber/cucumber-expressions/17.1.0/cucumber-expressions-17.1.0.jar:/home/ala/.m2/repository/io/cucumber/datatable/7.18.0/datatable-7.18.0.jar:/home/ala/.m2/repository/io/cucumber/cucumber-plugin/7.18.0/cucumber-plugin-7.18.0.jar:/home/ala/.m2/repository/io/cucumber/docstring/7.18.0/docstring-7.18.0.jar:/home/ala/.m2/repository/io/cucumber/html-formatter/21.3.1/html-formatter-21.3.1.jar:/home/ala/.m2/repository/io/cucumber/junit-xml-formatter/0.4.0/junit-xml-formatter-0.4.0.jar:/home/ala/.m2/repository/io/cucumber/ci-environment/10.0.1/ci-environment-10.0.1.jar:/home/ala/.m2/repository/org/apiguardian/apiguardian-api/1.1.2/apiguardian-api-1.1.2.jar:/home/ala/.m2/repository/io/cucumber/cucumber-testng/7.18.0/cucumber-testng-7.18.0.jar:/home/ala/.m2/repository/org/testng/testng/7.10.2/testng-7.10.2.jar:/home/ala/.m2/repository/org/slf4j/slf4j-api/1.7.36/slf4j-api-1.7.36.jar:/home/ala/.m2/repository/com/beust/jcommander/1.82/jcommander-1.82.jar:/home/ala/.m2/repository/org/webjars/jquery/3.7.1/jquery-3.7.1.jar:/home/ala/.m2/repository/org/seleniumhq/selenium/selenium-java/4.22.0/selenium-java-4.22.0.jar:/home/ala/.m2/repository/org/seleniumhq/selenium/selenium-api/4.22.0/selenium-api-4.22.0.jar:/home/ala/.m2/repository/org/seleniumhq/selenium/selenium-chrome-driver/4.22.0/selenium-chrome-driver-4.22.0.jar:/home/ala/.m2/repository/com/google/auto/service/auto-service-annotations/1.1.1/auto-service-annotations-1.1.1.jar:/home/ala/.m2/repository/org/seleniumhq/selenium/selenium-chromium-driver/4.22.0/selenium-chromium-driver-4.22.0.jar:/home/ala/.m2/repository/org/seleniumhq/selenium/selenium-json/4.22.0/selenium-json-4.22.0.jar:/home/ala/.m2/repository/org/seleniumhq/selenium/selenium-manager/4.22.0/selenium-manager-4.22.0.jar:/home/ala/.m2/repository/org/seleniumhq/selenium/selenium-devtools-v124/4.22.0/selenium-devtools-v124-4.22.0.jar:/home/ala/.m2/repository/org/seleniumhq/selenium/selenium-devtools-v125/4.22.0/selenium-devtools-v125-4.22.0.jar:/home/ala/.m2/repository/org/seleniumhq/selenium/selenium-devtools-v126/4.22.0/selenium-devtools-v126-4.22.0.jar:/home/ala/.m2/repository/org/seleniumhq/selenium/selenium-devtools-v85/4.22.0/selenium-devtools-v85-4.22.0.jar:/home/ala/.m2/repository/org/seleniumhq/selenium/selenium-edge-driver/4.22.0/selenium-edge-driver-4.22.0.jar:/home/ala/.m2/repository/org/seleniumhq/selenium/selenium-firefox-driver/4.22.0/selenium-firefox-driver-4.22.0.jar:/home/ala/.m2/repository/org/seleniumhq/selenium/selenium-http/4.22.0/selenium-http-4.22.0.jar:/home/ala/.m2/repository/dev/failsafe/failsafe/3.3.2/failsafe-3.3.2.jar:/home/ala/.m2/repository/org/seleniumhq/selenium/selenium-ie-driver/4.22.0/selenium-ie-driver-4.22.0.jar:/home/ala/.m2/repository/org/seleniumhq/selenium/selenium-remote-driver/4.22.0/selenium-remote-driver-4.22.0.jar:/home/ala/.m2/repository/com/google/guava/guava/33.2.1-jre/guava-33.2.1-jre.jar:/home/ala/.m2/repository/com/google/guava/failureaccess/1.0.2/failureaccess-1.0.2.jar:/home/ala/.m2/repository/com/google/guava/listenablefuture/9999.0-empty-to-avoid-conflict-with-guava/listenablefuture-9999.0-empty-to-avoid-conflict-with-guava.jar:/home/ala/.m2/repository/com/google/code/findbugs/jsr305/3.0.2/jsr305-3.0.2.jar:/home/ala/.m2/repository/org/checkerframework/checker-qual/3.42.0/checker-qual-3.42.0.jar:/home/ala/.m2/repository/com/google/errorprone/error_prone_annotations/2.26.1/error_prone_annotations-2.26.1.jar:/home/ala/.m2/repository/com/google/j2objc/j2objc-annotations/3.0.0/j2objc-annotations-3.0.0.jar:/home/ala/.m2/repository/io/opentelemetry/semconv/opentelemetry-semconv/1.25.0-alpha/opentelemetry-semconv-1.25.0-alpha.jar:/home/ala/.m2/repository/io/opentelemetry/opentelemetry-api/1.39.0/opentelemetry-api-1.39.0.jar:/home/ala/.m2/repository/io/opentelemetry/opentelemetry-context/1.39.0/opentelemetry-context-1.39.0.jar:/home/ala/.m2/repository/io/opentelemetry/opentelemetry-exporter-logging/1.39.0/opentelemetry-exporter-logging-1.39.0.jar:/home/ala/.m2/repository/io/opentelemetry/opentelemetry-sdk-common/1.39.0/opentelemetry-sdk-common-1.39.0.jar:/home/ala/.m2/repository/io/opentelemetry/opentelemetry-sdk-extension-autoconfigure-spi/1.39.0/opentelemetry-sdk-extension-autoconfigure-spi-1.39.0.jar:/home/ala/.m2/repository/io/opentelemetry/opentelemetry-sdk-extension-autoconfigure/1.39.0/opentelemetry-sdk-extension-autoconfigure-1.39.0.jar:/home/ala/.m2/repository/io/opentelemetry/opentelemetry-api-incubator/1.39.0-alpha/opentelemetry-api-incubator-1.39.0-alpha.jar:/home/ala/.m2/repository/io/opentelemetry/opentelemetry-sdk-trace/1.39.0/opentelemetry-sdk-trace-1.39.0.jar:/home/ala/.m2/repository/io/opentelemetry/opentelemetry-sdk/1.39.0/opentelemetry-sdk-1.39.0.jar:/home/ala/.m2/repository/io/opentelemetry/opentelemetry-sdk-metrics/1.39.0/opentelemetry-sdk-metrics-1.39.0.jar:/home/ala/.m2/repository/io/opentelemetry/opentelemetry-sdk-logs/1.39.0/opentelemetry-sdk-logs-1.39.0.jar:/home/ala/.m2/repository/net/bytebuddy/byte-buddy/1.14.17/byte-buddy-1.14.17.jar:/home/ala/.m2/repository/org/seleniumhq/selenium/selenium-os/4.22.0/selenium-os-4.22.0.jar:/home/ala/.m2/repository/org/apache/commons/commons-exec/1.4.0/commons-exec-1.4.0.jar:/home/ala/.m2/repository/org/seleniumhq/selenium/selenium-safari-driver/4.22.0/selenium-safari-driver-4.22.0.jar:/home/ala/.m2/repository/org/seleniumhq/selenium/selenium-support/4.22.0/selenium-support-4.22.0.jar:/home/ala/.m2/repository/io/github/bonigarcia/webdrivermanager/5.7.0/webdrivermanager-5.7.0.jar:/home/ala/.m2/repository/com/google/code/gson/gson/2.10.1/gson-2.10.1.jar:/home/ala/.m2/repository/com/github/docker-java/docker-java/3.3.5/docker-java-3.3.5.jar:/home/ala/.m2/repository/com/github/docker-java/docker-java-core/3.3.5/docker-java-core-3.3.5.jar:/home/ala/.m2/repository/com/github/docker-java/docker-java-api/3.3.5/docker-java-api-3.3.5.jar:/home/ala/.m2/repository/com/fasterxml/jackson/core/jackson-annotations/2.10.3/jackson-annotations-2.10.3.jar:/home/ala/.m2/repository/com/fasterxml/jackson/core/jackson-databind/2.10.3/jackson-databind-2.10.3.jar:/home/ala/.m2/repository/com/fasterxml/jackson/core/jackson-core/2.10.3/jackson-core-2.10.3.jar:/home/ala/.m2/repository/org/bouncycastle/bcpkix-jdk18on/1.76/bcpkix-jdk18on-1.76.jar:/home/ala/.m2/repository/org/bouncycastle/bcprov-jdk18on/1.76/bcprov-jdk18on-1.76.jar:/home/ala/.m2/repository/org/bouncycastle/bcutil-jdk18on/1.76/bcutil-jdk18on-1.76.jar:/home/ala/.m2/repository/org/slf4j/jcl-over-slf4j/1.7.30/jcl-over-slf4j-1.7.30.jar:/home/ala/.m2/repository/com/github/docker-java/docker-java-transport-httpclient5/3.3.5/docker-java-transport-httpclient5-3.3.5.jar:/home/ala/.m2/repository/com/github/docker-java/docker-java-transport/3.3.5/docker-java-transport-3.3.5.jar:/home/ala/.m2/repository/net/java/dev/jna/jna/5.13.0/jna-5.13.0.jar:/home/ala/.m2/repository/org/brotli/dec/0.1.2/dec-0.1.2.jar:/home/ala/.m2/repository/org/apache/commons/commons-lang3/3.14.0/commons-lang3-3.14.0.jar:/home/ala/.m2/repository/org/apache/commons/commons-compress/1.26.0/commons-compress-1.26.0.jar:/home/ala/.m2/repository/commons-io/commons-io/2.15.1/commons-io-2.15.1.jar:/home/ala/.m2/repository/org/apache/httpcomponents/client5/httpclient5/5.2.1/httpclient5-5.2.1.jar:/home/ala/.m2/repository/org/apache/httpcomponents/core5/httpcore5/5.2/httpcore5-5.2.jar:/home/ala/.m2/repository/org/apache/httpcomponents/core5/httpcore5-h2/5.2/httpcore5-h2-5.2.jar:/home/ala/.m2/repository/org/apache/logging/log4j/log4j-slf4j-impl/2.17.2/log4j-slf4j-impl-2.17.2.jar:/home/ala/.m2/repository/org/apache/logging/log4j/log4j-api/2.17.2/log4j-api-2.17.2.jar:/home/ala/.m2/repository/org/apache/logging/log4j/log4j-core/2.17.2/log4j-core-2.17.2.jar:/home/ala/.m2/repository/io/cucumber/cucumber-picocontainer/7.12.1/cucumber-picocontainer-7.12.1.jar:/home/ala/.m2/repository/org/picocontainer/picocontainer/2.15/picocontainer-2.15.jar:/home/ala/.m2/repository/io/cucumber/cucumber-junit/7.12.1/cucumber-junit-7.12.1.jar:/home/ala/.m2/repository/junit/junit/4.13.2/junit-4.13.2.jar:/home/ala/.m2/repository/org/hamcrest/hamcrest-core/1.3/hamcrest-core-1.3.jar:/home/ala/.m2/repository/tech/grasshopper/extentreports-cucumber7-adapter/1.14.0/extentreports-cucumber7-adapter-1.14.0.jar:/home/ala/.m2/repository/com/aventstack/extentreports/5.1.0/extentreports-5.1.0.jar:/home/ala/.m2/repository/io/reactivex/rxjava3/rxjava/3.1.6/rxjava-3.1.6.jar:/home/ala/.m2/repository/org/reactivestreams/reactive-streams/1.0.4/reactive-streams-1.0.4.jar:/home/ala/.m2/repository/org/freemarker/freemarker/2.3.32/freemarker-2.3.32.jar:/home/ala/.m2/repository/org/projectlombok/lombok/1.18.26/lombok-1.18.26.jar:/home/ala/.m2/repository/tech/grasshopper/extent-pdf-report/2.12.0/extent-pdf-report-2.12.0.jar:/home/ala/.m2/repository/tech/grasshopper/cucumber-pdf-report/2.14.0/cucumber-pdf-report-2.14.0.jar:/home/ala/.m2/repository/org/apache/pdfbox/pdfbox/2.0.26/pdfbox-2.0.26.jar:/home/ala/.m2/repository/org/apache/pdfbox/fontbox/2.0.26/fontbox-2.0.26.jar:/home/ala/.m2/repository/org/knowm/xchart/xchart/3.8.0/xchart-3.8.0.jar:/home/ala/.m2/repository/de/erichseifert/vectorgraphics2d/VectorGraphics2D/0.13/VectorGraphics2D-0.13.jar:/home/ala/.m2/repository/de/rototor/pdfbox/graphics2d/0.30/graphics2d-0.30.jar:/home/ala/.m2/repository/com/madgag/animated-gif-lib/1.4/animated-gif-lib-1.4.jar:/home/ala/.m2/repository/org/yaml/snakeyaml/2.0/snakeyaml-2.0.jar:/home/ala/.m2/repository/tech/grasshopper/table-layout/1.5.1/table-layout-1.5.1.jar:/home/ala/.m2/repository/tech/grasshopper/rest-assured-cucumber-pdf-report/1.5.0/rest-assured-cucumber-pdf-report-1.5.0.jar:/home/ala/.m2/repository/org/jsoup/jsoup/1.15.3/jsoup-1.15.3.jar:/home/ala/.m2/repository/com/aventstack/klov-reporter/5.1.0/klov-reporter-5.1.0.jar:/home/ala/.m2/repository/org/mongodb/mongodb-driver/3.6.4/mongodb-driver-3.6.4.jar:/home/ala/.m2/repository/org/mongodb/mongodb-driver-core/3.6.4/mongodb-driver-core-3.6.4.jar:/home/ala/.m2/repository/org/mongodb/bson/3.6.4/bson-3.6.4.jar:/home/ala/.m2/repository/org/apache/httpcomponents/httpclient/4.5.13/httpclient-4.5.13.jar:/home/ala/.m2/repository/org/apache/httpcomponents/httpcore/4.4.13/httpcore-4.4.13.jar:/home/ala/.m2/repository/commons-logging/commons-logging/1.2/commons-logging-1.2.jar:/home/ala/.m2/repository/commons-codec/commons-codec/1.11/commons-codec-1.11.jar:/home/ala/.m2/repository/org/apache/httpcomponents/httpmime/4.5.13/httpmime-4.5.13.jar:/home/ala/.m2/repository/tech/grasshopper/htmlextentreporter/1.1.0/htmlextentreporter-1.1.0.jar:/home/ala/.m2/repository/tech/grasshopper/extent-excel-report/1.4.0/extent-excel-report-1.4.0.jar:/home/ala/.m2/repository/org/apache/poi/poi/5.2.3/poi-5.2.3.jar:/home/ala/.m2/repository/org/apache/commons/commons-collections4/4.4/commons-collections4-4.4.jar:/home/ala/.m2/repository/org/apache/commons/commons-math3/3.6.1/commons-math3-3.6.1.jar:/home/ala/.m2/repository/com/zaxxer/SparseBitSet/1.2/SparseBitSet-1.2.jar:/home/ala/.m2/repository/org/apache/poi/poi-ooxml/5.2.3/poi-ooxml-5.2.3.jar:/home/ala/.m2/repository/org/apache/poi/poi-ooxml-lite/5.2.3/poi-ooxml-lite-5.2.3.jar:/home/ala/.m2/repository/org/apache/xmlbeans/xmlbeans/5.1.1/xmlbeans-5.1.1.jar:/home/ala/.m2/repository/com/github/virtuald/curvesapi/1.07/curvesapi-1.07.jar:"/>
    <property name="sun.cpu.endian" value="little"/>
    <property name="user.home" value="/home/ala"/>
    <property name="user.language" value="fr"/>
    <property name="java.specification.vendor" value="Oracle Corporation"/>
    <property name="java.version.date" value="2023-10-17"/>
    <property name="java.home" value="/usr/lib/jvm/jdk-17-oracle-x64"/>
    <property name="file.separator" value="/"/>
    <property name="basedir" value="/home/ala/eclipse-workspace/ADExoticsCarRentalTesting-Cucumber-Selenium"/>
    <property name="java.vm.compressedOopsMode" value="Zero based"/>
    <property name="line.separator" value="&#10;"/>
    <property name="java.vm.specification.vendor" value="Oracle Corporation"/>
    <property name="java.specification.name" value="Java Platform API Specification"/>
    <property name="surefire.real.class.path" value="/home/ala/eclipse-workspace/ADExoticsCarRentalTesting-Cucumber-Selenium/target/surefire/surefirebooter-20240902225620522_3.jar"/>
    <property name="sun.management.compiler" value="HotSpot 64-Bit Tiered Compilers"/>
    <property name="java.runtime.version" value="17.0.9+11-LTS-201"/>
    <property name="user.name" value="ala"/>
    <property name="path.separator" value=":"/>
    <property name="os.version" value="5.15.0-119-generic"/>
    <property name="java.runtime.name" value="Java(TM) SE Runtime Environment"/>
    <property name="file.encoding" value="UTF-8"/>
    <property name="java.vm.name" value="Java HotSpot(TM) 64-Bit Server VM"/>
    <property name="localRepository" value="/home/ala/.m2/repository"/>
    <property name="java.vendor.url.bug" value="https://bugreport.java.com/bugreport/"/>
    <property name="java.io.tmpdir" value="/tmp"/>
    <property name="java.version" value="17.0.9"/>
    <property name="user.dir" value="/home/ala/eclipse-workspace/ADExoticsCarRentalTesting-Cucumber-Selenium"/>
    <property name="os.arch" value="amd64"/>
    <property name="java.vm.specification.name" value="Java Virtual Machine Specification"/>
    <property name="native.encoding" value="UTF-8"/>
    <property name="java.library.path" value="/usr/java/packages/lib:/usr/lib64:/lib64:/lib:/usr/lib"/>
    <property name="java.vm.info" value="mixed mode, sharing"/>
    <property name="java.vendor" value="Oracle Corporation"/>
    <property name="java.vm.version" value="17.0.9+11-LTS-201"/>
    <property name="sun.io.unicode.encoding" value="UnicodeLittle"/>
    <property name="java.class.version" value="61.0"/>
  </properties>
  <testcase name="runScenario[&quot;Check login is successful with valid credentials&quot;, &quot;Login feature&quot;](1)" classname="runners.TestRunner" time="17.909">
    <failure message="Seems like you are not logged in expected [true] but found [false]" type="java.lang.AssertionError"><![CDATA[java.lang.AssertionError: Seems like you are not logged in expected [true] but found [false]
	at org.testng.Assert.fail(Assert.java:111)
	at org.testng.Assert.failNotEquals(Assert.java:1578)
	at org.testng.Assert.assertTrue(Assert.java:57)
	at stepDefinitions.BackgroundSteps.user_is_navigated_to_cars_collection(BackgroundSteps.java:61)
	at ✽.user is navigated to cars collection(file:///home/ala/eclipse-workspace/ADExoticsCarRentalTesting-Cucumber-Selenium/src/test/resources/features/login.feature:55)
]]></failure>
    <system-out><![CDATA[
@SanityTest
Scenario Outline: Check login is successful with valid credentials # src/test/resources/features/login.feature:62
initialize props
browser value is: chrome
init the driver to launch browser
inside login page
inside Home page
inside Admin dashboard page
this is the page title: Home - ADExotics Car Rental
  Given user is on home page                                       # stepDefinitions.BackgroundSteps.user_is_on_home_page()
this is the page title: Login - ADExotics Car Rental
  Given user is on login page                                      # stepDefinitions.BackgroundSteps.user_is_on_login_page()
this is the pass : admin@gmail.com
after pass
this is the pass : admin
after pass
  When user enters his "admin@gmail.com" and "admin"               # stepDefinitions.BackgroundSteps.user_enters_his_email_and_password(java.lang.String,java.lang.String)
clicked!!!!!!!!!!!!!!!!!!!!!!!!!
inside Collection page
  And clicks on login                                              # stepDefinitions.BackgroundSteps.clicks_on_login()
this is getText =LOGIN
  Then user is navigated to cars collection                        # stepDefinitions.BackgroundSteps.user_is_navigated_to_cars_collection()
      java.lang.AssertionError: Seems like you are not logged in expected [true] but found [false]
	at org.testng.Assert.fail(Assert.java:111)
	at org.testng.Assert.failNotEquals(Assert.java:1578)
	at org.testng.Assert.assertTrue(Assert.java:57)
	at stepDefinitions.BackgroundSteps.user_is_navigated_to_cars_collection(BackgroundSteps.java:61)
	at ✽.user is navigated to cars collection(file:///home/ala/eclipse-workspace/ADExoticsCarRentalTesting-Cucumber-Selenium/src/test/resources/features/login.feature:55)

inside teardown

    Embedding Check_login_is_successful_with_valid_credentials [image/png 36037 bytes]

inside quit
]]></system-out>
    <system-err><![CDATA[sept. 02, 2024 10:56:25 PM org.openqa.selenium.devtools.CdpVersionFinder findNearestMatch
WARNING: Unable to find CDP implementation matching 119
sept. 02, 2024 10:56:25 PM org.openqa.selenium.chromium.ChromiumDriver lambda$new$5
WARNING: Unable to find version of CDP to use for 119.0.6045.159. You may need to include a dependency on a specific version of the CDP using something similar to `org.seleniumhq.selenium:selenium-devtools-v86:4.22.0` where the version ("v86") matches the version of the chromium-based browser you're using and the version number of the artifact is the same as Selenium's.
]]></system-err>
  </testcase>
  <testcase name="runScenario[&quot;Check login is successful with valid credentials&quot;, &quot;Login feature&quot;](2)" classname="runners.TestRunner" time="16.693">
    <failure message="Seems like you are not logged in expected [true] but found [false]" type="java.lang.AssertionError"><![CDATA[java.lang.AssertionError: Seems like you are not logged in expected [true] but found [false]
	at org.testng.Assert.fail(Assert.java:111)
	at org.testng.Assert.failNotEquals(Assert.java:1578)
	at org.testng.Assert.assertTrue(Assert.java:57)
	at stepDefinitions.BackgroundSteps.user_is_navigated_to_cars_collection(BackgroundSteps.java:61)
	at ✽.user is navigated to cars collection(file:///home/ala/eclipse-workspace/ADExoticsCarRentalTesting-Cucumber-Selenium/src/test/resources/features/login.feature:55)
]]></failure>
    <system-out><![CDATA[
@SanityTest
Scenario Outline: Check login is successful with valid credentials # src/test/resources/features/login.feature:63
initialize props
browser value is: chrome
init the driver to launch browser
inside login page
inside Home page
inside Admin dashboard page
this is the page title: Home - ADExotics Car Rental
  Given user is on home page                                       # stepDefinitions.BackgroundSteps.user_is_on_home_page()
this is the page title: Login - ADExotics Car Rental
  Given user is on login page                                      # stepDefinitions.BackgroundSteps.user_is_on_login_page()
this is the pass : ala@gmail.com
after pass
this is the pass : test1234
after pass
  When user enters his "ala@gmail.com" and "test1234"              # stepDefinitions.BackgroundSteps.user_enters_his_email_and_password(java.lang.String,java.lang.String)
clicked!!!!!!!!!!!!!!!!!!!!!!!!!
inside Collection page
  And clicks on login                                              # stepDefinitions.BackgroundSteps.clicks_on_login()
this is getText =LOGIN
  Then user is navigated to cars collection                        # stepDefinitions.BackgroundSteps.user_is_navigated_to_cars_collection()
      java.lang.AssertionError: Seems like you are not logged in expected [true] but found [false]
	at org.testng.Assert.fail(Assert.java:111)
	at org.testng.Assert.failNotEquals(Assert.java:1578)
	at org.testng.Assert.assertTrue(Assert.java:57)
	at stepDefinitions.BackgroundSteps.user_is_navigated_to_cars_collection(BackgroundSteps.java:61)
	at ✽.user is navigated to cars collection(file:///home/ala/eclipse-workspace/ADExoticsCarRentalTesting-Cucumber-Selenium/src/test/resources/features/login.feature:55)

inside teardown

    Embedding Check_login_is_successful_with_valid_credentials [image/png 35719 bytes]

inside quit
]]></system-out>
    <system-err><![CDATA[sept. 02, 2024 10:56:42 PM org.openqa.selenium.devtools.CdpVersionFinder findNearestMatch
WARNING: Unable to find CDP implementation matching 119
sept. 02, 2024 10:56:42 PM org.openqa.selenium.chromium.ChromiumDriver lambda$new$5
WARNING: Unable to find version of CDP to use for 119.0.6045.159. You may need to include a dependency on a specific version of the CDP using something similar to `org.seleniumhq.selenium:selenium-devtools-v86:4.22.0` where the version ("v86") matches the version of the chromium-based browser you're using and the version number of the artifact is the same as Selenium's.
]]></system-err>
  </testcase>
  <testcase name="runScenario[&quot;Signup with valid informations&quot;, &quot;Signup feature&quot;](3)" classname="runners.TestRunner" time="19.365">
    <system-out><![CDATA[
@SanityTest
Scenario Outline: Signup with valid informations                                                                     # src/test/resources/features/signup.feature:37
initialize props
browser value is: chrome
init the driver to launch browser
inside login page
inside Home page
inside Admin dashboard page
this is the page title: Home - ADExotics Car Rental
  Given user is on home page                                                                                         # stepDefinitions.BackgroundSteps.user_is_on_home_page()
inside signup page
this is the page title: Signup - ADExotics Car Rental
  Given user is on signup page                                                                                       # stepDefinitions.SignupSteps.user_is_on_signup_page()
  When user enters his signup informations "Miela Dridi" and "miela.dridi@gmail.com" and "test@1234" and "test@1234" # stepDefinitions.SignupSteps.user_leaves_empty_signup_fields(java.lang.String,java.lang.String,java.lang.String,java.lang.String)
inside Collection page
  And clicks on signup                                                                                               # stepDefinitions.SignupSteps.clicks_on_signup()
this is the page title: Login - ADExotics Car Rental
  Then user is navigated to login page                                                                               # stepDefinitions.BackgroundSteps.user_is_on_login_page()
inside teardown
inside quit
]]></system-out>
    <system-err><![CDATA[sept. 02, 2024 10:56:58 PM org.openqa.selenium.devtools.CdpVersionFinder findNearestMatch
WARNING: Unable to find CDP implementation matching 119
sept. 02, 2024 10:56:58 PM org.openqa.selenium.chromium.ChromiumDriver lambda$new$5
WARNING: Unable to find version of CDP to use for 119.0.6045.159. You may need to include a dependency on a specific version of the CDP using something similar to `org.seleniumhq.selenium:selenium-devtools-v86:4.22.0` where the version ("v86") matches the version of the chromium-based browser you're using and the version number of the artifact is the same as Selenium's.
]]></system-err>
  </testcase>
</testsuite>