<?xml version="1.0" encoding="UTF-8"?>
<!-- Generated by org.testng.reporters.JUnitReportReporter -->
<testsuite hostname="LPT-ADRIDI" failures="0" tests="3" name="runners.TestRunner" time="60.822" errors="0" timestamp="2024-09-02T01:34:22 CET" skipped="0">
  <testcase classname="runners.TestRunner" name="runScenario" time="18.304"/>
  <testcase classname="runners.TestRunner" name="runScenario" time="21.234"/>
  <testcase classname="runners.TestRunner" name="runScenario" time="21.284"/>
</testsuite> <!-- runners.TestRunner -->
