<?xml version="1.0" encoding="UTF-8"?>
<!-- Generated by org.testng.reporters.JUnitReportReporter -->
<testsuite hostname="LPT-ADRIDI" failures="0" tests="1" name="runners.TestRunner" time="29.597" errors="0" timestamp="2024-05-29T20:53:31 CET" skipped="0">
  <testcase classname="runners.TestRunner" name="runScenario" time="29.597"/>
</testsuite> <!-- runners.TestRunner -->
