<?xml version="1.0" encoding="UTF-8"?>
<!-- Generated by org.testng.reporters.JUnitReportReporter -->
<testsuite hostname="LPT-ADRIDI" failures="0" tests="1" name="runners.TestRunner" time="27.554" errors="0" timestamp="2024-05-29T11:14:19 CET" skipped="0">
  <testcase classname="runners.TestRunner" name="runScenario" time="27.554"/>
</testsuite> <!-- runners.TestRunner -->
